c:\users\timo\documents\programming4\engine\minigin\win32\release\minigin.pch
c:\users\timo\documents\programming4\engine\minigin\win32\release\vc141.pdb
c:\users\timo\documents\programming4\engine\minigin\win32\release\miniginpch.obj
c:\users\timo\documents\programming4\engine\minigin\win32\release\renderer.obj
c:\users\timo\documents\programming4\engine\minigin\win32\release\rendercomponent.obj
c:\users\timo\documents\programming4\engine\minigin\win32\release\pacmansingleplayerscene.obj
c:\users\timo\documents\programming4\engine\minigin\win32\release\player.obj
c:\users\timo\documents\programming4\engine\minigin\win32\release\pill.obj
c:\users\timo\documents\programming4\engine\minigin\win32\release\pacmanmultiplayerscene.obj
c:\users\timo\documents\programming4\engine\minigin\win32\release\minigin.obj
c:\users\timo\documents\programming4\engine\minigin\win32\release\mainmenuscene.obj
c:\users\timo\documents\programming4\engine\minigin\win32\release\main.obj
c:\users\timo\documents\programming4\engine\minigin\win32\release\log.obj
c:\users\timo\documents\programming4\engine\minigin\win32\release\inputmanager.obj
c:\users\timo\documents\programming4\engine\minigin\win32\release\inputcomponent.obj
c:\users\timo\documents\programming4\engine\minigin\win32\release\grid.obj
c:\users\timo\documents\programming4\engine\minigin\win32\release\ghost.obj
c:\users\timo\documents\programming4\engine\minigin\win32\release\gameobject.obj
c:\users\timo\documents\programming4\engine\minigin\win32\release\fpscalculatorcomponent.obj
c:\users\timo\documents\programming4\engine\minigin\win32\release\font.obj
c:\users\timo\documents\programming4\engine\minigin\win32\release\command.obj
c:\users\timo\documents\programming4\engine\minigin\win32\release\basecomponent.obj
c:\users\timo\documents\programming4\engine\minigin\win32\release\aicomponent.obj
c:\users\timo\documents\programming4\engine\minigin\win32\release\versusscene.obj
c:\users\timo\documents\programming4\engine\minigin\win32\release\transform.obj
c:\users\timo\documents\programming4\engine\minigin\win32\release\tile.obj
c:\users\timo\documents\programming4\engine\minigin\win32\release\texturecomponent.obj
c:\users\timo\documents\programming4\engine\minigin\win32\release\texture2d.obj
c:\users\timo\documents\programming4\engine\minigin\win32\release\textcomponent.obj
c:\users\timo\documents\programming4\engine\minigin\win32\release\scenemanager.obj
c:\users\timo\documents\programming4\engine\minigin\win32\release\scene.obj
c:\users\timo\documents\programming4\engine\minigin\win32\release\resourcemanager.obj
c:\users\timo\documents\programming4\2dae01_exam_timo_nys\source\minigin\win32\release\minigin.pch
c:\users\timo\documents\programming4\2dae01_exam_timo_nys\source\minigin\win32\release\vc141.pdb
c:\users\timo\documents\programming4\2dae01_exam_timo_nys\source\minigin\win32\release\miniginpch.obj
c:\users\timo\documents\programming4\2dae01_exam_timo_nys\source\minigin\win32\release\renderer.obj
c:\users\timo\documents\programming4\2dae01_exam_timo_nys\source\minigin\win32\release\rendercomponent.obj
c:\users\timo\documents\programming4\2dae01_exam_timo_nys\source\minigin\win32\release\pacmansingleplayerscene.obj
c:\users\timo\documents\programming4\2dae01_exam_timo_nys\source\minigin\win32\release\player.obj
c:\users\timo\documents\programming4\2dae01_exam_timo_nys\source\minigin\win32\release\pill.obj
c:\users\timo\documents\programming4\2dae01_exam_timo_nys\source\minigin\win32\release\pacmanmultiplayerscene.obj
c:\users\timo\documents\programming4\2dae01_exam_timo_nys\source\minigin\win32\release\minigin.obj
c:\users\timo\documents\programming4\2dae01_exam_timo_nys\source\minigin\win32\release\mainmenuscene.obj
c:\users\timo\documents\programming4\2dae01_exam_timo_nys\source\minigin\win32\release\main.obj
c:\users\timo\documents\programming4\2dae01_exam_timo_nys\source\minigin\win32\release\log.obj
c:\users\timo\documents\programming4\2dae01_exam_timo_nys\source\minigin\win32\release\inputmanager.obj
c:\users\timo\documents\programming4\2dae01_exam_timo_nys\source\minigin\win32\release\inputcomponent.obj
c:\users\timo\documents\programming4\2dae01_exam_timo_nys\source\minigin\win32\release\grid.obj
c:\users\timo\documents\programming4\2dae01_exam_timo_nys\source\minigin\win32\release\ghost.obj
c:\users\timo\documents\programming4\2dae01_exam_timo_nys\source\minigin\win32\release\gameobject.obj
c:\users\timo\documents\programming4\2dae01_exam_timo_nys\source\minigin\win32\release\fpscalculatorcomponent.obj
c:\users\timo\documents\programming4\2dae01_exam_timo_nys\source\minigin\win32\release\font.obj
c:\users\timo\documents\programming4\2dae01_exam_timo_nys\source\minigin\win32\release\command.obj
c:\users\timo\documents\programming4\2dae01_exam_timo_nys\source\minigin\win32\release\basecomponent.obj
c:\users\timo\documents\programming4\2dae01_exam_timo_nys\source\minigin\win32\release\aicomponent.obj
c:\users\timo\documents\programming4\2dae01_exam_timo_nys\source\minigin\win32\release\versusscene.obj
c:\users\timo\documents\programming4\2dae01_exam_timo_nys\source\minigin\win32\release\transform.obj
c:\users\timo\documents\programming4\2dae01_exam_timo_nys\source\minigin\win32\release\tile.obj
c:\users\timo\documents\programming4\2dae01_exam_timo_nys\source\minigin\win32\release\texturecomponent.obj
c:\users\timo\documents\programming4\2dae01_exam_timo_nys\source\minigin\win32\release\texture2d.obj
c:\users\timo\documents\programming4\2dae01_exam_timo_nys\source\minigin\win32\release\textcomponent.obj
c:\users\timo\documents\programming4\2dae01_exam_timo_nys\source\minigin\win32\release\scenemanager.obj
c:\users\timo\documents\programming4\2dae01_exam_timo_nys\source\minigin\win32\release\scene.obj
c:\users\timo\documents\programming4\2dae01_exam_timo_nys\source\minigin\win32\release\resourcemanager.obj
c:\users\timo\documents\retakes\prog4\retakeexamengine\riptideenginev2.0\2dae01_exam_timo_nys\source\minigin\win32\release\minigin.pch
c:\users\timo\documents\retakes\prog4\retakeexamengine\riptideenginev2.0\2dae01_exam_timo_nys\source\minigin\win32\release\vc141.pdb
c:\users\timo\documents\retakes\prog4\retakeexamengine\riptideenginev2.0\2dae01_exam_timo_nys\source\minigin\win32\release\miniginpch.obj
c:\users\timo\documents\retakes\prog4\retakeexamengine\riptideenginev2.0\2dae01_exam_timo_nys\source\minigin\win32\release\movecomponent.obj
c:\users\timo\documents\retakes\prog4\retakeexamengine\riptideenginev2.0\2dae01_exam_timo_nys\source\minigin\win32\release\minigin.obj
c:\users\timo\documents\retakes\prog4\retakeexamengine\riptideenginev2.0\2dae01_exam_timo_nys\source\minigin\win32\release\main.obj
c:\users\timo\documents\retakes\prog4\retakeexamengine\riptideenginev2.0\2dae01_exam_timo_nys\source\minigin\win32\release\log.obj
c:\users\timo\documents\retakes\prog4\retakeexamengine\riptideenginev2.0\2dae01_exam_timo_nys\source\minigin\win32\release\inputcomponent.obj
c:\users\timo\documents\retakes\prog4\retakeexamengine\riptideenginev2.0\2dae01_exam_timo_nys\source\minigin\win32\release\healthcomponent.obj
c:\users\timo\documents\retakes\prog4\retakeexamengine\riptideenginev2.0\2dae01_exam_timo_nys\source\minigin\win32\release\grid.obj
c:\users\timo\documents\retakes\prog4\retakeexamengine\riptideenginev2.0\2dae01_exam_timo_nys\source\minigin\win32\release\gameobject.obj
c:\users\timo\documents\retakes\prog4\retakeexamengine\riptideenginev2.0\2dae01_exam_timo_nys\source\minigin\win32\release\gamemodeselectorcomponent.obj
c:\users\timo\documents\retakes\prog4\retakeexamengine\riptideenginev2.0\2dae01_exam_timo_nys\source\minigin\win32\release\game.obj
c:\users\timo\documents\retakes\prog4\retakeexamengine\riptideenginev2.0\2dae01_exam_timo_nys\source\minigin\win32\release\fpscalculatorcomponent.obj
c:\users\timo\documents\retakes\prog4\retakeexamengine\riptideenginev2.0\2dae01_exam_timo_nys\source\minigin\win32\release\font.obj
c:\users\timo\documents\retakes\prog4\retakeexamengine\riptideenginev2.0\2dae01_exam_timo_nys\source\minigin\win32\release\explosioncomponent.obj
c:\users\timo\documents\retakes\prog4\retakeexamengine\riptideenginev2.0\2dae01_exam_timo_nys\source\minigin\win32\release\deathcomponent.obj
c:\users\timo\documents\retakes\prog4\retakeexamengine\riptideenginev2.0\2dae01_exam_timo_nys\source\minigin\win32\release\command.obj
c:\users\timo\documents\retakes\prog4\retakeexamengine\riptideenginev2.0\2dae01_exam_timo_nys\source\minigin\win32\release\collisionsystem.obj
c:\users\timo\documents\retakes\prog4\retakeexamengine\riptideenginev2.0\2dae01_exam_timo_nys\source\minigin\win32\release\bombcomponent.obj
c:\users\timo\documents\retakes\prog4\retakeexamengine\riptideenginev2.0\2dae01_exam_timo_nys\source\minigin\win32\release\basecomponent.obj
c:\users\timo\documents\retakes\prog4\retakeexamengine\riptideenginev2.0\2dae01_exam_timo_nys\source\minigin\win32\release\aicomponent.obj
c:\users\timo\documents\retakes\prog4\retakeexamengine\riptideenginev2.0\2dae01_exam_timo_nys\source\minigin\win32\release\uisystem.obj
c:\users\timo\documents\retakes\prog4\retakeexamengine\riptideenginev2.0\2dae01_exam_timo_nys\source\minigin\win32\release\transform.obj
c:\users\timo\documents\retakes\prog4\retakeexamengine\riptideenginev2.0\2dae01_exam_timo_nys\source\minigin\win32\release\texturecomponent.obj
c:\users\timo\documents\retakes\prog4\retakeexamengine\riptideenginev2.0\2dae01_exam_timo_nys\source\minigin\win32\release\texture2d.obj
c:\users\timo\documents\retakes\prog4\retakeexamengine\riptideenginev2.0\2dae01_exam_timo_nys\source\minigin\win32\release\textcomponent.obj
c:\users\timo\documents\retakes\prog4\retakeexamengine\riptideenginev2.0\2dae01_exam_timo_nys\source\minigin\win32\release\subjectcomponent.obj
c:\users\timo\documents\retakes\prog4\retakeexamengine\riptideenginev2.0\2dae01_exam_timo_nys\source\minigin\win32\release\soundeffectcomponent.obj
c:\users\timo\documents\retakes\prog4\retakeexamengine\riptideenginev2.0\2dae01_exam_timo_nys\source\minigin\win32\release\scenemanager.obj
c:\users\timo\documents\retakes\prog4\retakeexamengine\riptideenginev2.0\2dae01_exam_timo_nys\source\minigin\win32\release\scene.obj
c:\users\timo\documents\retakes\prog4\retakeexamengine\riptideenginev2.0\2dae01_exam_timo_nys\source\minigin\win32\release\resourcemanager.obj
c:\users\timo\documents\retakes\prog4\retakeexamengine\riptideenginev2.0\2dae01_exam_timo_nys\source\minigin\win32\release\rendercomponent.obj
c:\users\timo\documents\retakes\prog4\retakeexamengine\riptideenginev2.0\2dae01_exam_timo_nys\source\minigin\win32\release\playerobservercomponent.obj
c:\users\timo\documents\retakes\prog4\retakeexamengine\riptideenginev2.0\2dae01_exam_timo_nys\source\minigin\win32\release\playerinfocomponent.obj
c:\users\timo\documents\retakes\prog4\retakeexamengine\riptideenginev2.0\2dae01_exam_timo_nys\source\minigin\win32\release\pickupcomponent.obj
c:\users\timo\documents\retakes\prog4\retakeexamengine\riptideenginev2.0\2dae01_exam_timo_nys\source\minigin\win32\release\observercomponent.obj
c:\users\timo\documents\retakes\prog4\retakeexamengine\riptideenginev2.0\2dae01_exam_timo_nys\source\minigin\win32\release\inputmanager.obj
c:\users\timo\documents\retakes\prog4\retakeexamengine\riptideenginev2.0\2dae01_exam_timo_nys\source\minigin\win32\release\rendersystem.obj
c:\users\timo\documents\programming4\engine\win32\release\minigin.exe
c:\users\timo\documents\programming4\engine\win32\release\minigin.pdb
c:\users\timo\documents\programming4\2dae01_exam_timo_nys\source\win32\release\minigin.exe
c:\users\timo\documents\programming4\2dae01_exam_timo_nys\source\win32\release\minigin.pdb
c:\users\timo\documents\programming4\engine\win32\release\minigin.lib
c:\users\timo\documents\programming4\engine\win32\release\minigin.exp
c:\users\timo\documents\programming4\engine\win32\release\minigin.ipdb
c:\users\timo\documents\programming4\engine\win32\release\minigin.iobj
c:\users\timo\documents\programming4\2dae01_exam_timo_nys\source\win32\release\minigin.lib
c:\users\timo\documents\programming4\2dae01_exam_timo_nys\source\win32\release\minigin.exp
c:\users\timo\documents\programming4\2dae01_exam_timo_nys\source\win32\release\minigin.ipdb
c:\users\timo\documents\programming4\2dae01_exam_timo_nys\source\win32\release\minigin.iobj
c:\users\timo\documents\retakes\prog4\retakeexamengine\riptideenginev2.0\2dae01_exam_timo_nys\source\minigin\win32\release\ghost.obj
c:\users\timo\documents\retakes\prog4\retakeexamengine\riptideenginev2.0\2dae01_exam_timo_nys\source\minigin\win32\release\mainmenuscene.obj
c:\users\timo\documents\retakes\prog4\retakeexamengine\riptideenginev2.0\2dae01_exam_timo_nys\source\minigin\win32\release\pacmanmultiplayerscene.obj
c:\users\timo\documents\retakes\prog4\retakeexamengine\riptideenginev2.0\2dae01_exam_timo_nys\source\minigin\win32\release\pacmansingleplayerscene.obj
c:\users\timo\documents\retakes\prog4\retakeexamengine\riptideenginev2.0\2dae01_exam_timo_nys\source\minigin\win32\release\pill.obj
c:\users\timo\documents\retakes\prog4\retakeexamengine\riptideenginev2.0\2dae01_exam_timo_nys\source\minigin\win32\release\player.obj
c:\users\timo\documents\retakes\prog4\retakeexamengine\riptideenginev2.0\2dae01_exam_timo_nys\source\minigin\win32\release\renderer.obj
c:\users\timo\documents\retakes\prog4\retakeexamengine\riptideenginev2.0\2dae01_exam_timo_nys\source\minigin\win32\release\tile.obj
c:\users\timo\documents\retakes\prog4\retakeexamengine\riptideenginev2.0\2dae01_exam_timo_nys\source\minigin\win32\release\versusscene.obj
c:\users\timo\documents\retakes\prog4\retakeexamengine\riptideenginev2.0\2dae01_exam_timo_nys\source\minigin\win32\release\minigin.tlog\cl.command.1.tlog
c:\users\timo\documents\retakes\prog4\retakeexamengine\riptideenginev2.0\2dae01_exam_timo_nys\source\minigin\win32\release\minigin.tlog\cl.read.1.tlog
c:\users\timo\documents\retakes\prog4\retakeexamengine\riptideenginev2.0\2dae01_exam_timo_nys\source\minigin\win32\release\minigin.tlog\cl.write.1.tlog
c:\users\timo\documents\retakes\prog4\retakeexamengine\riptideenginev2.0\2dae01_exam_timo_nys\source\minigin\win32\release\minigin.tlog\link.command.1.tlog
c:\users\timo\documents\retakes\prog4\retakeexamengine\riptideenginev2.0\2dae01_exam_timo_nys\source\minigin\win32\release\minigin.tlog\link.read.1.tlog
c:\users\timo\documents\retakes\prog4\retakeexamengine\riptideenginev2.0\2dae01_exam_timo_nys\source\minigin\win32\release\minigin.tlog\link.write.1.tlog
c:\users\timo\documents\retakes\prog4\retakeexamengine\riptideenginev2.0\2dae01_exam_timo_nys\source\minigin\win32\release\minigin.tlog\minigin.write.1u.tlog
