  BombComponent.cpp
  CollisionSystem.cpp
  Command.cpp
  Game.cpp
  GameModeSelectorComponent.cpp
  GameObject.cpp
  Grid.cpp
  InputComponent.cpp
  InputManager.cpp
  Minigin.cpp
  PlayerInfoComponent.cpp
  PlayerObserverComponent.cpp
  UISystem.cpp
  Generating Code...
     Creating library C:\Users\Timo\Documents\Retakes\Prog4\RetakeExamEngine\RiptideEngineV2.0\2DAE01_Exam_Timo_Nys\Source\x64\Debug\Minigin.lib and object C:\Users\Timo\Documents\Retakes\Prog4\RetakeExamEngine\RiptideEngineV2.0\2DAE01_Exam_Timo_Nys\Source\x64\Debug\Minigin.exp
  Minigin.vcxproj -> C:\Users\Timo\Documents\Retakes\Prog4\RetakeExamEngine\RiptideEngineV2.0\2DAE01_Exam_Timo_Nys\Source\x64\Debug\Minigin.exe
  C:\Users\Timo\Documents\Retakes\Prog4\RetakeExamEngine\RiptideEngineV2.0\2DAE01_Exam_Timo_Nys\Source\3rdParty\SDL2\lib\x64\SDL2.dll
  1 File(s) copied
  C:\Users\Timo\Documents\Retakes\Prog4\RetakeExamEngine\RiptideEngineV2.0\2DAE01_Exam_Timo_Nys\Source\3rdParty\SDL2_image\lib\x64\libjpeg-9.dll
  C:\Users\Timo\Documents\Retakes\Prog4\RetakeExamEngine\RiptideEngineV2.0\2DAE01_Exam_Timo_Nys\Source\3rdParty\SDL2_image\lib\x64\libpng16-16.dll
  C:\Users\Timo\Documents\Retakes\Prog4\RetakeExamEngine\RiptideEngineV2.0\2DAE01_Exam_Timo_Nys\Source\3rdParty\SDL2_image\lib\x64\libtiff-5.dll
  C:\Users\Timo\Documents\Retakes\Prog4\RetakeExamEngine\RiptideEngineV2.0\2DAE01_Exam_Timo_Nys\Source\3rdParty\SDL2_image\lib\x64\libwebp-7.dll
  C:\Users\Timo\Documents\Retakes\Prog4\RetakeExamEngine\RiptideEngineV2.0\2DAE01_Exam_Timo_Nys\Source\3rdParty\SDL2_image\lib\x64\SDL2_image.dll
  C:\Users\Timo\Documents\Retakes\Prog4\RetakeExamEngine\RiptideEngineV2.0\2DAE01_Exam_Timo_Nys\Source\3rdParty\SDL2_image\lib\x64\zlib1.dll
  6 File(s) copied
  C:\Users\Timo\Documents\Retakes\Prog4\RetakeExamEngine\RiptideEngineV2.0\2DAE01_Exam_Timo_Nys\Source\3rdParty\SDL2_ttf\lib\x64\libfreetype-6.dll
  C:\Users\Timo\Documents\Retakes\Prog4\RetakeExamEngine\RiptideEngineV2.0\2DAE01_Exam_Timo_Nys\Source\3rdParty\SDL2_ttf\lib\x64\SDL2_ttf.dll
  2 File(s) copied
